Flow report for ProcessorV1
Thu Mar 28 17:35:06 2013
Quartus II Version 11.0 Build 208 07/03/2011 Service Pack 1 SJ Full Version


---------------------
; Table of Contents ;
---------------------
  1. Legal Notice
  2. Flow Summary
  3. Flow Settings
  4. Flow Non-Default Global Settings
  5. Flow Elapsed Time
  6. Flow OS Summary
  7. Flow Log



----------------
; Legal Notice ;
----------------
Copyright (C) 1991-2011 Altera Corporation
Your use of Altera Corporation's design tools, logic functions 
and other software and tools, and its AMPP partner logic 
functions, and any output files from any of the foregoing 
(including device programming or simulation files), and any 
associated documentation or information are expressly subject 
to the terms and conditions of the Altera Program License 
Subscription Agreement, Altera MegaCore Function License 
Agreement, or other applicable license agreement, including, 
without limitation, that your use is for the sole purpose of 
programming logic devices manufactured by Altera and sold by 
Altera or its authorized distributors.  Please refer to the 
applicable agreement for further details.



+-------------------------------------------------------------------------------------+
; Flow Summary                                                                        ;
+------------------------------------+------------------------------------------------+
; Flow Status                        ; Successful - Thu Mar 28 17:35:06 2013          ;
; Quartus II Version                 ; 11.0 Build 208 07/03/2011 SP 1 SJ Full Version ;
; Revision Name                      ; ProcessorV1                                    ;
; Top-level Entity Name              ; ProcessorV1                                    ;
; Family                             ; Cyclone II                                     ;
; Device                             ; EP2C20Q240C8                                   ;
; Timing Models                      ; Final                                          ;
; Total logic elements               ; 2,361 / 18,752 ( 13 % )                        ;
;     Total combinational functions  ; 2,343 / 18,752 ( 12 % )                        ;
;     Dedicated logic registers      ; 360 / 18,752 ( 2 % )                           ;
; Total registers                    ; 360                                            ;
; Total pins                         ; 134 / 142 ( 94 % )                             ;
; Total virtual pins                 ; 0                                              ;
; Total memory bits                  ; 0 / 239,616 ( 0 % )                            ;
; Embedded Multiplier 9-bit elements ; 0 / 52 ( 0 % )                                 ;
; Total PLLs                         ; 0 / 4 ( 0 % )                                  ;
+------------------------------------+------------------------------------------------+


+-----------------------------------------+
; Flow Settings                           ;
+-------------------+---------------------+
; Option            ; Setting             ;
+-------------------+---------------------+
; Start date & time ; 03/28/2013 17:32:10 ;
; Main task         ; Compilation         ;
; Revision Name     ; ProcessorV1         ;
+-------------------+---------------------+


+------------------------------------------------------------------------------------------------------------------------------+
; Flow Non-Default Global Settings                                                                                             ;
+---------------------------------------+---------------------------------------+---------------+-------------+----------------+
; Assignment Name                       ; Value                                 ; Default Value ; Entity Name ; Section Id     ;
+---------------------------------------+---------------------------------------+---------------+-------------+----------------+
; COMPILER_SIGNATURE_ID                 ; 123633790394457.136450993004796       ; --            ; --          ; --             ;
; EDA_OUTPUT_DATA_FORMAT                ; Vhdl                                  ; --            ; --          ; eda_simulation ;
; EDA_SIMULATION_RUN_SCRIPT             ; ProcessorV1.do                        ; --            ; --          ; eda_simulation ;
; EDA_SIMULATION_TOOL                   ; ModelSim-Altera (VHDL)                ; <None>        ; --          ; --             ;
; EDA_TEST_BENCH_ENABLE_STATUS          ; COMMAND_MACRO_MODE                    ; --            ; --          ; eda_simulation ;
; IP_TOOL_NAME                          ; LPM_MUX                               ; --            ; --          ; --             ;
; IP_TOOL_NAME                          ; LPM_MUX                               ; --            ; --          ; --             ;
; IP_TOOL_NAME                          ; LPM_MUX                               ; --            ; --          ; --             ;
; IP_TOOL_VERSION                       ; 12.0                                  ; --            ; --          ; --             ;
; IP_TOOL_VERSION                       ; 12.0                                  ; --            ; --          ; --             ;
; IP_TOOL_VERSION                       ; 12.0                                  ; --            ; --          ; --             ;
; MAX_CORE_JUNCTION_TEMP                ; 85                                    ; --            ; --          ; --             ;
; MIN_CORE_JUNCTION_TEMP                ; 0                                     ; --            ; --          ; --             ;
; MISC_FILE                             ; MuxDest.bsf                           ; --            ; --          ; --             ;
; MISC_FILE                             ; MuxDest_inst.vhd                      ; --            ; --          ; --             ;
; MISC_FILE                             ; MuxDest.cmp                           ; --            ; --          ; --             ;
; MISC_FILE                             ; MuxMA.bsf                             ; --            ; --          ; --             ;
; MISC_FILE                             ; MuxMA_inst.vhd                        ; --            ; --          ; --             ;
; MISC_FILE                             ; MuxMA.cmp                             ; --            ; --          ; --             ;
; MISC_FILE                             ; MuxY.bsf                              ; --            ; --          ; --             ;
; MISC_FILE                             ; MuxY_inst.vhd                         ; --            ; --          ; --             ;
; MISC_FILE                             ; MuxY.cmp                              ; --            ; --          ; --             ;
; PARTITION_COLOR                       ; 16764057                              ; --            ; --          ; Top            ;
; PARTITION_FITTER_PRESERVATION_LEVEL   ; PLACEMENT_AND_ROUTING                 ; --            ; --          ; Top            ;
; PARTITION_NETLIST_TYPE                ; SOURCE                                ; --            ; --          ; Top            ;
; POWER_BOARD_THERMAL_MODEL             ; None (CONSERVATIVE)                   ; --            ; --          ; --             ;
; POWER_PRESET_COOLING_SOLUTION         ; 23 MM HEAT SINK WITH 200 LFPM AIRFLOW ; --            ; --          ; --             ;
; SYNCHRONIZATION_REGISTER_CHAIN_LENGTH ; 2                                     ; 3             ; --          ; --             ;
+---------------------------------------+---------------------------------------+---------------+-------------+----------------+


+-------------------------------------------------------------------------------------------------------------------------------+
; Flow Elapsed Time                                                                                                             ;
+---------------------------+--------------+-------------------------+---------------------+------------------------------------+
; Module Name               ; Elapsed Time ; Average Processors Used ; Peak Virtual Memory ; Total CPU Time (on all processors) ;
+---------------------------+--------------+-------------------------+---------------------+------------------------------------+
; Analysis & Synthesis      ; 00:01:26     ; 1.0                     ; 351 MB              ; 00:00:24                           ;
; Fitter                    ; 00:00:23     ; 1.2                     ; 376 MB              ; 00:00:14                           ;
; Assembler                 ; 00:00:07     ; 1.0                     ; 285 MB              ; 00:00:02                           ;
; TimeQuest Timing Analyzer ; 00:00:23     ; 1.1                     ; 370 MB              ; 00:00:11                           ;
; EDA Netlist Writer        ; 00:00:12     ; 1.0                     ; 251 MB              ; 00:00:03                           ;
; Total                     ; 00:02:31     ; --                      ; --                  ; 00:00:54                           ;
+---------------------------+--------------+-------------------------+---------------------+------------------------------------+


+----------------------------------------------------------------------------------------+
; Flow OS Summary                                                                        ;
+---------------------------+------------------+-----------+------------+----------------+
; Module Name               ; Machine Hostname ; OS Name   ; OS Version ; Processor type ;
+---------------------------+------------------+-----------+------------+----------------+
; Analysis & Synthesis      ; CSELAB4-79       ; Windows 7 ; 6.1        ; x86_64         ;
; Fitter                    ; CSELAB4-79       ; Windows 7 ; 6.1        ; x86_64         ;
; Assembler                 ; CSELAB4-79       ; Windows 7 ; 6.1        ; x86_64         ;
; TimeQuest Timing Analyzer ; CSELAB4-79       ; Windows 7 ; 6.1        ; x86_64         ;
; EDA Netlist Writer        ; CSELAB4-79       ; Windows 7 ; 6.1        ; x86_64         ;
+---------------------------+------------------+-----------+------------+----------------+


------------
; Flow Log ;
------------
quartus_map --read_settings_files=on --write_settings_files=off ProcessorV1 -c ProcessorV1
quartus_fit --read_settings_files=off --write_settings_files=off ProcessorV1 -c ProcessorV1
quartus_asm --read_settings_files=off --write_settings_files=off ProcessorV1 -c ProcessorV1
quartus_sta ProcessorV1 -c ProcessorV1
quartus_eda --read_settings_files=off --write_settings_files=off ProcessorV1 -c ProcessorV1



